<?xml version="1.0" encoding="UTF-8"?>
<testsuite xmlns:xsi="http://www.w3.org/2001/XMLSchema-instance" xsi:noNamespaceSchemaLocation="https://maven.apache.org/surefire/maven-surefire-plugin/xsd/surefire-test-report-3.0.xsd" version="3.0" name="TestEpresionesRegulares" time="17.087" tests="6" errors="0" skipped="0" failures="0">
  <properties>
[...]
</properties>
  <testcase name="compruebaValidaTelf_Incorrectos" classname="TestEpresionesRegulares" time="0.008">
    <system-out><![CDATA[Se ejecuta ...setUpClass...
	Creo los recursos necesarios
	Creando clase y Lista de textos ...
/////...setUp.../////
Ejecutando test .... compruebaValidaTelf_Incorrectos
No hay coincidencia
Telefono (+35123456789) es Incorrecto
No hay coincidencia
Telefono (123456789_) es Incorrecto
No hay coincidencia
Telefono (+34123456789_) es Incorrecto
No hay coincidencia
Telefono (aa123456789) es Incorrecto
/////...tearDown.../////
]]></system-out>
  </testcase>
  <testcase name="compruebaValidaTelf_Correctos" classname="TestEpresionesRegulares" time="0.001">
    <system-out><![CDATA[/////...setUp.../////
Ejecutando test .... compruebaValidaTelf_Correctos
Coincidencia encontrada
Telefono (+34952843185) es CORRECTO
Coincidencia encontrada
Telefono (952843185) es CORRECTO
/////...tearDown.../////
]]></system-out>
  </testcase>
  <testcase name="compruebaValidaDNI_Incorrectos" classname="TestEpresionesRegulares" time="0.002">
    <system-out><![CDATA[/////...setUp.../////
Ejecutando test .... compruebaValidaDNI_Incorrectos
No hay coincidencia
DNI (1234567T) es incorrecto
No hay coincidencia
DNI (1234567t) es incorrecto
No hay coincidencia
DNI (12345678-T) es incorrecto
No hay coincidencia
DNI (12345678-t) es incorrecto
No hay coincidencia
DNI (12345678t) es incorrecto
/////...tearDown.../////
]]></system-out>
  </testcase>
  <testcase name="compruebaParametroEntradaVacio" classname="TestEpresionesRegulares" time="0.001">
    <system-out><![CDATA[/////...setUp.../////
Ejecutando test .... compruebaParametroEntradaVacio
/////...tearDown.../////
]]></system-out>
  </testcase>
  <testcase name="compruebaValidaDNI_Correctos" classname="TestEpresionesRegulares" time="0.001">
    <system-out><![CDATA[/////...setUp.../////
Ejecutando test .... compruebaValidaDNI_Correctos
Coincidencia encontrada
DNI (12345678T) es CORRECTO
Coincidencia encontrada
DNI (11111111W) es CORRECTO
Coincidencia encontrada
DNI (00112211F) es CORRECTO
/////...tearDown.../////
]]></system-out>
  </testcase>
  <testcase name="compruebaParametroEntradaNull" classname="TestEpresionesRegulares" time="0.001">
    <system-out><![CDATA[/////...setUp.../////
Ejecutando test .... compruebaParametroEntradaNull
/////...tearDown.../////
]]></system-out>
  </testcase>
</testsuite>