<?xml version="1.0" encoding="UTF-8"?>
<testsuite xmlns:xsi="http://www.w3.org/2001/XMLSchema-instance" xsi:noNamespaceSchemaLocation="https://maven.apache.org/surefire/maven-surefire-plugin/xsd/surefire-test-report-3.0.xsd" version="3.0" name="MessageDigestAlgorithmsTest" time="0.083" tests="5" errors="0" skipped="0" failures="0">
  <properties>
[...]
</properties>
  <testcase name="test_Hash_SHA_256" classname="MessageDigestAlgorithmsTest" time="0.027">
    <system-out><![CDATA[Resumen HASH con algortimo [SHA-256] --> E633F4FC79BADEA1DC5DB970CF397C8248BAC47CC3ACF9915BA60B5D76B0E88F --> Hola
Resumen HASH con algortimo [SHA-256] --> D6098752433B086904062FF44C8424DC934C2960285A17AEB78E351BA561C2CF --> HolA
]]></system-out>
  </testcase>
  <testcase name="test_Hash_SHA_512" classname="MessageDigestAlgorithmsTest" time="0.001">
    <system-out><![CDATA[Resumen HASH con algortimo [SHA-512] --> C096860BE238D7E0A6D3929C7BA06F468D3E6B7B28132BA48D553F845788C513004B1EC78758F24E9E1F006AE9A89651F80023F5505927A7AECD6529FA12C081 --> Hola
Resumen HASH con algortimo [SHA-512] --> 26C181EE1F04D6258B7320D8E20FDAB749043F35D79DE52F96DF94FA4788AB5E9C391C54E0FBC36E1424776A631DDF61D9EDE78DDCC4D66CCFE8840F67842B96 --> HolA
]]></system-out>
  </testcase>
  <testcase name="test_Hash_MD2" classname="MessageDigestAlgorithmsTest" time="0.0">
    <system-out><![CDATA[Resumen HASH con algortimo [MD2] --> 487FB4C94C12519CE4782406147FFE60 --> Hola
Resumen HASH con algortimo [MD2] --> E4823381681A52B8E8F52986A7302577 --> HolA
]]></system-out>
  </testcase>
  <testcase name="test_Hash_MD5" classname="MessageDigestAlgorithmsTest" time="0.0">
    <system-out><![CDATA[Resumen HASH con algortimo [MD5] --> F688AE26E9CFA3BA6235477831D5122E --> Hola
Resumen HASH con algortimo [MD5] --> D4FA99092B02AA32703BB8DAB17B9DA9 --> HolA
]]></system-out>
  </testcase>
  <testcase name="test_Hash_SHA_1" classname="MessageDigestAlgorithmsTest" time="0.001">
    <system-out><![CDATA[Resumen HASH con algortimo [SHA-1] --> 4E46DC0969E6621F2D61D2228E3CD91B75CD9EDC --> Hola
Resumen HASH con algortimo [SHA-1] --> 10595889249D783A16775909DC788DF6261C58EF --> HolA
]]></system-out>
  </testcase>
</testsuite>